  Cadena.cpp
c:\users\leoth\source\repos\programacion_3\examen1\cadena.cpp(7): error C4996: 'strcpy': This function or variable may be unsafe. Consider using strcpy_s instead. To disable deprecation, use _CRT_SECURE_NO_WARNINGS. See online help for details.
  c:\program files (x86)\windows kits\10\include\10.0.17763.0\ucrt\string.h(133): note: see declaration of 'strcpy'
c:\users\leoth\source\repos\programacion_3\examen1\cadena.cpp(18): error C4996: 'strcpy': This function or variable may be unsafe. Consider using strcpy_s instead. To disable deprecation, use _CRT_SECURE_NO_WARNINGS. See online help for details.
  c:\program files (x86)\windows kits\10\include\10.0.17763.0\ucrt\string.h(133): note: see declaration of 'strcpy'
c:\users\leoth\source\repos\programacion_3\examen1\cadena.cpp(25): error C2110: '+': cannot add two pointers
c:\users\leoth\source\repos\programacion_3\examen1\cadena.cpp(25): error C2064: term does not evaluate to a function taking 1 arguments
  Main.cpp
c:\users\leoth\source\repos\programacion_3\examen1\main.cpp(8): error C2664: 'Cadena::Cadena(Cadena &)': cannot convert argument 1 from 'const char [11]' to 'char *'
  c:\users\leoth\source\repos\programacion_3\examen1\main.cpp(8): note: Conversion from string literal loses const qualifier (see /Zc:strictStrings)
c:\users\leoth\source\repos\programacion_3\examen1\main.cpp(11): error C2664: 'Cadena::Cadena(Cadena &)': cannot convert argument 1 from 'const char [6]' to 'char *'
  c:\users\leoth\source\repos\programacion_3\examen1\main.cpp(11): note: Conversion from string literal loses const qualifier (see /Zc:strictStrings)
c:\users\leoth\source\repos\programacion_3\examen1\main.cpp(16): error C2039: 'strcmp': is not a member of 'Cadena'
  c:\users\leoth\source\repos\programacion_3\examen1\cadena.h(9): note: see declaration of 'Cadena'
c:\users\leoth\source\repos\programacion_3\examen1\main.cpp(18): error C2039: 'strcmp': is not a member of 'Cadena'
  c:\users\leoth\source\repos\programacion_3\examen1\cadena.h(9): note: see declaration of 'Cadena'
c:\users\leoth\source\repos\programacion_3\examen1\main.cpp(23): error C2440: 'initializing': cannot convert from 'Cadena' to 'Cadena'
  c:\users\leoth\source\repos\programacion_3\examen1\main.cpp(23): note: Cannot copy construct class 'Cadena' due to ambiguous copy constructors or no available copy constructor
c:\users\leoth\source\repos\programacion_3\examen1\main.cpp(26): error C2039: 'substr': is not a member of 'Cadena'
  c:\users\leoth\source\repos\programacion_3\examen1\cadena.h(9): note: see declaration of 'Cadena'
c:\users\leoth\source\repos\programacion_3\examen1\main.cpp(27): error C2143: syntax error: missing ';' before 'string'
c:\users\leoth\source\repos\programacion_3\examen1\main.cpp(27): error C2678: binary '<<': no operator found which takes a left-hand operand of type 'const char [5]' (or there is no acceptable conversion)
  c:\users\leoth\source\repos\programacion_3\examen1\cadena.h(12): note: could be 'std::ostream &operator <<(std::ostream &,const Cadena &)' [found using argument-dependent lookup]
  c:\users\leoth\source\repos\programacion_3\examen1\main.cpp(27): note: while trying to match the argument list '(const char [5], Cadena)'
  Generating Code...
